running egg_info
writing ../../build/rov_black_box/rov_black_box.egg-info/PKG-INFO
writing dependency_links to ../../build/rov_black_box/rov_black_box.egg-info/dependency_links.txt
writing entry points to ../../build/rov_black_box/rov_black_box.egg-info/entry_points.txt
writing requirements to ../../build/rov_black_box/rov_black_box.egg-info/requires.txt
writing top-level names to ../../build/rov_black_box/rov_black_box.egg-info/top_level.txt
reading manifest file '../../build/rov_black_box/rov_black_box.egg-info/SOURCES.txt'
adding license file 'LICENSE'
writing manifest file '../../build/rov_black_box/rov_black_box.egg-info/SOURCES.txt'
running build
running build_py
copying rov_black_box/joystick_node.py -> /home/anastasiia/ros2_uji_projectfinal/build/rov_black_box/build/lib/rov_black_box
copying rov_black_box/joy_debug.py -> /home/anastasiia/ros2_uji_projectfinal/build/rov_black_box/build/lib/rov_black_box
running install
running install_lib
copying /home/anastasiia/ros2_uji_projectfinal/build/rov_black_box/build/lib/rov_black_box/joystick_node.py -> /home/anastasiia/ros2_uji_projectfinal/install/rov_black_box/lib/python3.10/site-packages/rov_black_box
copying /home/anastasiia/ros2_uji_projectfinal/build/rov_black_box/build/lib/rov_black_box/joy_debug.py -> /home/anastasiia/ros2_uji_projectfinal/install/rov_black_box/lib/python3.10/site-packages/rov_black_box
byte-compiling /home/anastasiia/ros2_uji_projectfinal/install/rov_black_box/lib/python3.10/site-packages/rov_black_box/joystick_node.py to joystick_node.cpython-310.pyc
byte-compiling /home/anastasiia/ros2_uji_projectfinal/install/rov_black_box/lib/python3.10/site-packages/rov_black_box/joy_debug.py to joy_debug.cpython-310.pyc
running install_data
copying launch/joystick.launch.py -> /home/anastasiia/ros2_uji_projectfinal/install/rov_black_box/share/rov_black_box/launch
running install_egg_info
removing '/home/anastasiia/ros2_uji_projectfinal/install/rov_black_box/lib/python3.10/site-packages/rov_black_box-0.0.0-py3.10.egg-info' (and everything under it)
Copying ../../build/rov_black_box/rov_black_box.egg-info to /home/anastasiia/ros2_uji_projectfinal/install/rov_black_box/lib/python3.10/site-packages/rov_black_box-0.0.0-py3.10.egg-info
running install_scripts
Installing joy_debug script to /home/anastasiia/ros2_uji_projectfinal/install/rov_black_box/lib/rov_black_box
Installing joystick_node script to /home/anastasiia/ros2_uji_projectfinal/install/rov_black_box/lib/rov_black_box
writing list of installed files to '/home/anastasiia/ros2_uji_projectfinal/build/rov_black_box/install.log'
