[0.425s] Invoking command in '/home/anastasiia/ros2_uji_projectfinal/src/rov_black_box': PYTHONPATH=/home/anastasiia/ros2_uji_projectfinal/build/rov_black_box/prefix_override:/usr/lib/python3/dist-packages/colcon_core/task/python/colcon_distutils_commands:/home/anastasiia/ros2_uji_projectfinal/install/rov_black_box/lib/python3.10/site-packages:${PYTHONPATH} /usr/bin/python3 -W ignore:setup.py install is deprecated -W ignore:easy_install command is deprecated setup.py egg_info --egg-base ../../build/rov_black_box build --build-base /home/anastasiia/ros2_uji_projectfinal/build/rov_black_box/build install --record /home/anastasiia/ros2_uji_projectfinal/build/rov_black_box/install.log --single-version-externally-managed install_data
[0.584s] running egg_info
[0.584s] writing ../../build/rov_black_box/rov_black_box.egg-info/PKG-INFO
[0.585s] writing dependency_links to ../../build/rov_black_box/rov_black_box.egg-info/dependency_links.txt
[0.585s] writing entry points to ../../build/rov_black_box/rov_black_box.egg-info/entry_points.txt
[0.585s] writing requirements to ../../build/rov_black_box/rov_black_box.egg-info/requires.txt
[0.585s] writing top-level names to ../../build/rov_black_box/rov_black_box.egg-info/top_level.txt
[0.586s] reading manifest file '../../build/rov_black_box/rov_black_box.egg-info/SOURCES.txt'
[0.587s] adding license file 'LICENSE'
[0.588s] writing manifest file '../../build/rov_black_box/rov_black_box.egg-info/SOURCES.txt'
[0.588s] running build
[0.588s] running build_py
[0.588s] copying rov_black_box/joystick_node.py -> /home/anastasiia/ros2_uji_projectfinal/build/rov_black_box/build/lib/rov_black_box
[0.588s] copying rov_black_box/joy_debug.py -> /home/anastasiia/ros2_uji_projectfinal/build/rov_black_box/build/lib/rov_black_box
[0.588s] running install
[0.588s] running install_lib
[0.589s] copying /home/anastasiia/ros2_uji_projectfinal/build/rov_black_box/build/lib/rov_black_box/joystick_node.py -> /home/anastasiia/ros2_uji_projectfinal/install/rov_black_box/lib/python3.10/site-packages/rov_black_box
[0.589s] copying /home/anastasiia/ros2_uji_projectfinal/build/rov_black_box/build/lib/rov_black_box/joy_debug.py -> /home/anastasiia/ros2_uji_projectfinal/install/rov_black_box/lib/python3.10/site-packages/rov_black_box
[0.589s] byte-compiling /home/anastasiia/ros2_uji_projectfinal/install/rov_black_box/lib/python3.10/site-packages/rov_black_box/joystick_node.py to joystick_node.cpython-310.pyc
[0.591s] byte-compiling /home/anastasiia/ros2_uji_projectfinal/install/rov_black_box/lib/python3.10/site-packages/rov_black_box/joy_debug.py to joy_debug.cpython-310.pyc
[0.591s] running install_data
[0.591s] copying launch/joystick.launch.py -> /home/anastasiia/ros2_uji_projectfinal/install/rov_black_box/share/rov_black_box/launch
[0.591s] running install_egg_info
[0.593s] removing '/home/anastasiia/ros2_uji_projectfinal/install/rov_black_box/lib/python3.10/site-packages/rov_black_box-0.0.0-py3.10.egg-info' (and everything under it)
[0.593s] Copying ../../build/rov_black_box/rov_black_box.egg-info to /home/anastasiia/ros2_uji_projectfinal/install/rov_black_box/lib/python3.10/site-packages/rov_black_box-0.0.0-py3.10.egg-info
[0.594s] running install_scripts
[0.607s] Installing joy_debug script to /home/anastasiia/ros2_uji_projectfinal/install/rov_black_box/lib/rov_black_box
[0.607s] Installing joystick_node script to /home/anastasiia/ros2_uji_projectfinal/install/rov_black_box/lib/rov_black_box
[0.608s] writing list of installed files to '/home/anastasiia/ros2_uji_projectfinal/build/rov_black_box/install.log'
[0.627s] Invoked command in '/home/anastasiia/ros2_uji_projectfinal/src/rov_black_box' returned '0': PYTHONPATH=/home/anastasiia/ros2_uji_projectfinal/build/rov_black_box/prefix_override:/usr/lib/python3/dist-packages/colcon_core/task/python/colcon_distutils_commands:/home/anastasiia/ros2_uji_projectfinal/install/rov_black_box/lib/python3.10/site-packages:${PYTHONPATH} /usr/bin/python3 -W ignore:setup.py install is deprecated -W ignore:easy_install command is deprecated setup.py egg_info --egg-base ../../build/rov_black_box build --build-base /home/anastasiia/ros2_uji_projectfinal/build/rov_black_box/build install --record /home/anastasiia/ros2_uji_projectfinal/build/rov_black_box/install.log --single-version-externally-managed install_data
